F:\VS2010WORKPLACE\RETAILSYSTEM\DEBUG\RETAILSYSTEM.EXE
F:\VS2010WORKPLACE\RETAILSYSTEM\DEBUG\RETAILSYSTEM.ILK
F:\VS2010WORKPLACE\RETAILSYSTEM\DEBUG\RETAILSYSTEM.PDB
F:\vs2010workplace\RetailSystem\RetailSystem\Debug\cl.command.1.tlog
F:\vs2010workplace\RetailSystem\RetailSystem\Debug\CL.read.1.tlog
F:\vs2010workplace\RetailSystem\RetailSystem\Debug\CL.write.1.tlog
F:\VS2010WORKPLACE\RETAILSYSTEM\RETAILSYSTEM\DEBUG\CLIENT.OBJ
F:\vs2010workplace\RetailSystem\RetailSystem\Debug\link.command.1.tlog
F:\vs2010workplace\RetailSystem\RetailSystem\Debug\link.read.1.tlog
F:\vs2010workplace\RetailSystem\RetailSystem\Debug\link.write.1.tlog
F:\VS2010WORKPLACE\RETAILSYSTEM\RETAILSYSTEM\DEBUG\MAIN.OBJ
F:\vs2010workplace\RetailSystem\RetailSystem\Debug\mt.command.1.tlog
F:\vs2010workplace\RetailSystem\RetailSystem\Debug\mt.read.1.tlog
F:\vs2010workplace\RetailSystem\RetailSystem\Debug\mt.write.1.tlog
F:\VS2010WORKPLACE\RETAILSYSTEM\RETAILSYSTEM\DEBUG\REMOTEBANKSYSTEM.OBJ
F:\VS2010WORKPLACE\RETAILSYSTEM\RETAILSYSTEM\DEBUG\REMOTEGROUPPURCHASEMANAGEMENTSYSTEM.OBJ
F:\VS2010WORKPLACE\RETAILSYSTEM\RETAILSYSTEM\DEBUG\RETAILSYSTEM.EXE.INTERMEDIATE.MANIFEST
F:\vs2010workplace\RetailSystem\RetailSystem\Debug\RetailSystem.vcxprojResolveAssemblyReference.cache
F:\vs2010workplace\RetailSystem\RetailSystem\Debug\RetailSystem.write.1.tlog
F:\VS2010WORKPLACE\RETAILSYSTEM\RETAILSYSTEM\DEBUG\RSCORBA.OBJ
F:\vs2010workplace\RetailSystem\RetailSystem\Debug\vc100.idb
F:\VS2010WORKPLACE\RETAILSYSTEM\RETAILSYSTEM\DEBUG\VC100.PDB
