Build started 2017/6/5 10:56:02.
     1>Project "F:\vs2010workplace\BankSystem\BankSystem\BankSystem.vcxproj" on node 2 (build target(s)).
     1>PrepareForBuild:
         Creating directory "F:\vs2010workplace\BankSystem\x64\Debug\".
       InitializeBuildStatus:
         Creating "x64\Debug\BankSystem.unsuccessfulbuild" because "AlwaysCreate" was specified.
       ClCompile:
         F:\visual studio 2010\VC\bin\x86_amd64\CL.exe /c /I"C:\Program Files\Java\jdk1.8.0_60\include" /I"C:\Program Files\Java\jdk1.8.0_60\include\win32" /Zi /nologo /W3 /WX- /Od /D _WINDLL /D _MBCS /Gm /EHsc /RTC1 /MD /GS /fp:precise /Zc:wchar_t /Zc:forScope /Fo"x64\Debug\\" /Fd"x64\Debug\vc100.pdb" /Gd /TP /errorReport:prompt BankSystemJNI.cpp Main.cpp
         Main.cpp
         BankSystemJNI.cpp
         Generating Code...
       Link:
         F:\visual studio 2010\VC\bin\x86_amd64\link.exe /ERRORREPORT:PROMPT /OUT:"F:\vs2010workplace\BankSystem\x64\Debug\BankSystem.dll" /NOLOGO kernel32.lib user32.lib gdi32.lib winspool.lib comdlg32.lib advapi32.lib shell32.lib ole32.lib oleaut32.lib uuid.lib odbc32.lib odbccp32.lib /MANIFEST /ManifestFile:"x64\Debug\BankSystem.dll.intermediate.manifest" /MANIFESTUAC:"level='asInvoker' uiAccess='false'" /DEBUG /PDB:"F:\vs2010workplace\BankSystem\x64\Debug\BankSystem.pdb" /TLBID:1 /DYNAMICBASE /NXCOMPAT /IMPLIB:"F:\vs2010workplace\BankSystem\x64\Debug\BankSystem.lib" /MACHINE:X64 /DLL x64\Debug\BankSystemJNI.obj
         x64\Debug\Main.obj
         BankSystem_vc10_md.lib
         BankSystem_vc10_mdd.lib
         BankSystem_vc10_mt.lib
         BankSystem_vc10_mtd.lib
     1>BankSystem_vc10_md.lib(BankSystem.obj) : fatal error LNK1112: module machine type 'X86' conflicts with target machine type 'x64'
     1>Done Building Project "F:\vs2010workplace\BankSystem\BankSystem\BankSystem.vcxproj" (build target(s)) -- FAILED.

Build FAILED.

Time Elapsed 00:00:01.35
